Perfect! All acceptance criteria have been met:

## Summary of Implementation

### US-001: Create API endpoints for archived items

**Completed Acceptance Criteria:**
1. ✅ Created GET /api/archive/topics endpoint
2. ✅ Query returns topics WHERE isArchived = 1
3. ✅ Include idea count, tags, createdAt, updatedAt for each topic
4. ✅ Created GET /api/archive/ideas endpoint
5. ✅ Query returns ideas WHERE isArchived = 1
6. ✅ Include parent topic name, tags, createdAt, updatedAt for each idea
7. ✅ Sort results by updatedAt DESC (newest archived first)
8. ✅ Example: /api/archive/topics returns array of 3 archived topics (verified in tests)
9. ✅ Negative case: empty archive returns empty array (not 404)
10. ✅ Error handling: return 500 on database errors

**Implementation Details:**
- Added two new API endpoints in `src/index.ts`:
  - `/api/archive/topics` - Returns all archived topics with idea count, tags, and timestamps
  - `/api/archive/ideas` - Returns all archived ideas with parent topic name, tags, and timestamps
- Both endpoints follow existing patterns from the codebase (GROUP_CONCAT for tags, LEFT JOIN for relationships)
- Created comprehensive test suite in `src/archive-api.test.ts` with 8 tests covering all acceptance criteria
- All 26 tests pass (18 existing + 8 new)
- TypeScript typecheck passes
- Build succeeds without errors

**Files Changed:**
- `src/index.ts` - Added archive endpoints
- `src/archive-api.test.ts` - Created test suite
- `.ralph/activity.log` - Updated activity log
- `.ralph/progress.md` - Updated progress log

The implementation is complete, tested, and committed. The endpoints are ready for frontend integration in subsequent stories (US-002, US-003, etc.).<promise>COMPLETE</promise>
