# Activity Log

## Run Summary
- 2026-01-20 15:36:01 | run=20260120-141154-66509 | iter=8 | mode=build | story=US-008 | duration=331s | status=success
- 2026-01-20 15:30:28 | run=20260120-141154-66509 | iter=7 | mode=build | story=US-007 | duration=787s | status=success
- 2026-01-20 15:17:19 | run=20260120-141154-66509 | iter=6 | mode=build | story=US-006 | duration=672s | status=success
- 2026-01-20 15:19:xx | run=20260120-141154-66509 | iter=6 | mode=build | story=US-006 | duration=xxxs | status=success
- 2026-01-20 15:06:05 | run=20260120-141154-66509 | iter=5 | mode=build | story=US-005 | duration=929s | status=success
- 2026-01-20 14:50:32 | run=20260120-141154-66509 | iter=4 | mode=build | story=US-004 | duration=511s | status=success
- 2026-01-20 14:41:59 | run=20260120-141154-66509 | iter=3 | mode=build | story=US-003 | duration=554s | status=success
- 2026-01-20 14:32:43 | run=20260120-141154-66509 | iter=2 | mode=build | story=US-002 | duration=818s | status=success
- 2026-01-20 14:19:03 | run=20260120-141154-66509 | iter=1 | mode=build | story=US-001 | duration=429s | status=success
- 2026-01-16 09:20:06 | run=20260116-075521-53841 | iter=7 | mode=build | story=US-007 | duration=604s | status=success
- 2026-01-16 09:09:58 | run=20260116-075521-53841 | iter=6 | mode=build | story=US-006 | duration=641s | status=success
- 2026-01-16 08:59:15 | run=20260116-075521-53841 | iter=5 | mode=build | story=US-005 | duration=646s | status=success
- 2026-01-16 08:48:27 | run=20260116-075521-53841 | iter=4 | mode=build | story=US-004 | duration=650s | status=success
- 2026-01-16 08:37:35 | run=20260116-075521-53841 | iter=3 | mode=build | story=US-003 | duration=1179s | status=success
- 2026-01-16 08:17:53 | run=20260116-075521-53841 | iter=2 | mode=build | story=US-002 | duration=885s | status=success
- 2026-01-16 08:03:06 | run=20260116-075521-53841 | iter=1 | mode=build | story=US-001 | duration=465s | status=success

## Events

[2026-01-16 07:55:21] ITERATION 1 start (mode=build story=US-001)
[2026-01-16 08:03:06] ITERATION 1 end (duration=465s)
[2026-01-16 08:03:08] ITERATION 2 start (mode=build story=US-002)
[2026-01-16 08:03:37] Starting US-002: Setup SQLite database schema
[2026-01-16 08:06:33] All quality gates passed for US-002
[2026-01-16 08:14:53] US-002 completed: all acceptance criteria verified
[2026-01-16 08:17:53] ITERATION 2 end (duration=885s)
[2026-01-16 08:17:56] ITERATION 3 start (mode=build story=US-003)
[2026-01-16 08:18:25] Starting work on US-003: Create dashboard with topic list
[2026-01-16 08:33:36] Major code changes: Added react-router-dom, created Dashboard/Archive/NewTopic components, added /api/topics endpoint, created types file and seed script
[2026-01-16 08:33:36] Tests and verification: bun test (pass), bun run build (pass), browser testing on desktop and mobile
[2026-01-16 08:36:55] US-003 implementation complete. All acceptance criteria met and verified.
[2026-01-16 08:37:35] ITERATION 3 end (duration=1179s)
[2026-01-16 08:37:37] ITERATION 4 start (mode=build story=US-004)
2026-01-16 08:47:59 - Completed US-004: Create new topic - Implementation complete with form, validation, tag management, and redirect
[2026-01-16 08:48:27] ITERATION 4 end (duration=650s)
[2026-01-16 08:48:29] ITERATION 5 start (mode=build story=US-005)
[2026-01-16 08:49:11] Starting work on US-005: View topic details and ideas list
[2026-01-16 08:51:48] Implemented TopicDetail page with ideas list, tags, feedback rating, and action buttons
[2026-01-16 08:59:06] US-005 completed: implemented topic detail page with ideas list, tags, feedback rating, and action buttons. Browser verified all acceptance criteria.
[2026-01-16 08:59:15] ITERATION 5 end (duration=646s)
[2026-01-16 08:59:17] ITERATION 6 start (mode=build story=US-006)
[2026-01-16 09:09:58] ITERATION 6 end (duration=641s)
[2026-01-16 09:10:01] ITERATION 7 start (mode=build story=US-007)
[2026-01-16 09:20:05] ITERATION 7 end (duration=604s)
[2026-01-16 09:20:08] ITERATION 8 start (mode=build story=US-008)
[2026-01-16 09:20:16] Starting work on US-008: Create new idea
[2026-01-16 09:31:22] Completed implementation of US-008: Create new idea
[2026-01-20 14:11:54] ITERATION 1 start (mode=build story=US-001)
[2026-01-20 14:11:58] Starting work on US-001: Create API endpoints for archived items
[2026-01-20 14:12:30] Implemented GET /api/archive/topics and GET /api/archive/ideas endpoints
[2026-01-20 14:13:15] All quality gates passed: bun test (26 tests pass), bun run typecheck (pass), bun run build (pass)
[2026-01-20 14:13:30] US-001 completed: implemented archive API endpoints with comprehensive tests
[2026-01-20 14:19:03] ITERATION 1 end (duration=429s)
[2026-01-20 14:19:06] ITERATION 2 start (mode=build story=US-002)
[2026-01-20 14:32:06] Completed US-002: Implement archive page layout and navigation. Created full archive page with search, filters, item cards, loading/error/empty states, and responsive layout. All acceptance criteria verified in browser.
[2026-01-20 14:32:43] ITERATION 2 end (duration=818s)
[2026-01-20 14:32:46] ITERATION 3 start (mode=build story=US-003)
[2026-01-20 14:35:00] Starting work on US-003: Implement search and filter functionality
[2026-01-20 14:38:00] Implemented all US-003 acceptance criteria: search debounce, tag multi-select with counts, URL params persistence, clear filters button
[2026-01-20 14:38:30] All quality gates passed: bun test (26 unit tests pass), bun run typecheck (pass), bun run build (pass)
[2026-01-20 14:41:59] ITERATION 3 end (duration=554s)
[2026-01-20 14:42:01] ITERATION 4 start (mode=build story=US-004)
[2026-01-20 14:50:32] ITERATION 4 end (duration=511s)
[2026-01-20 14:50:35] ITERATION 5 start (mode=build story=US-005)
[2026-01-20 15:06:04] ITERATION 5 end (duration=929s)
[2026-01-20 15:06:07] ITERATION 6 start (mode=build story=US-006)
[2026-01-20 15:07:xx] Starting work on US-006: Create permanent delete API endpoints
[2026-01-20 15:15:xx] Completed US-006: implemented permanent delete API endpoints for topics and ideas with cascade deletes, orphaned tag cleanup, and comprehensive tests
[2026-01-20 15:19:xx] ITERATION 6 end (duration=xxxs)
[2026-01-20 15:17:19] ITERATION 6 end (duration=672s)
[2026-01-20 15:17:21] ITERATION 7 start (mode=build story=US-007)
[2026-01-20 15:18:31] Starting work on US-007: Implement permanent delete with confirmation
[2026-01-20 15:20:37] Implemented permanent delete UI with confirmation modal and API integration
[2026-01-20 15:21:48] All tests pass (43 unit tests), typecheck passes, build successful
[2026-01-20 15:28:12] US-007 completed successfully - commit 8b8f10b
[2026-01-20 15:30:28] ITERATION 7 end (duration=787s)
[2026-01-20 15:30:31] ITERATION 8 start (mode=build story=US-008)
[2026-01-20 15:36:01] ITERATION 8 end (duration=331s)
[2026-01-20 17:18:30] ITERATION 1 start (mode=build story=US-001)
[2026-01-20 17:30:00] Starting work on US-001: Implement API key authentication middleware
[2026-01-20 17:40:00] Implemented API key authentication middleware, applied to all endpoints except /api/hello, removed /api/test/cleanup from production, added 6 authentication tests
